nohup: ignoring input

   INFO  Server running on [http://0.0.0.0:8001].  

  Press Ctrl+C to stop the server

  2024-09-29 21:22:58 ................................................... ~ 2s
  2024-09-29 21:22:58 /favicon.ico ...................................... ~ 2s
  2024-09-29 21:23:03 ................................................... ~ 0s
  2024-09-29 21:23:03 /build/assets/app-5d2a3e4a.css .................... ~ 0s
  2024-09-29 21:23:03 /build/assets/app-4d8b438c.js ..................... ~ 0s
  2024-09-29 21:23:04 /favicon.ico ...................................... ~ 0s
  2024-09-29 21:23:06 /favicon.ico ...................................... ~ 0s
  2024-09-29 21:23:20 ................................................... ~ 0s
  2024-09-29 21:23:21 /favicon.ico ...................................... ~ 0s
  2024-09-29 21:23:24 ................................................... ~ 0s
  2024-09-29 21:23:24 ................................................... ~ 0s
  2024-09-29 21:23:24 ................................................... ~ 0s
  2024-09-29 21:23:24 ................................................... ~ 0s
  2024-09-29 21:23:24 ................................................... ~ 0s
  2024-09-29 21:23:24 ................................................... ~ 0s
  2024-09-29 21:23:24 ................................................... ~ 0s
  2024-09-29 21:23:24 ................................................... ~ 0s
  2024-09-29 21:23:24 /storage/products/nobackground/4567891234567.png .. ~ 0s
  2024-09-29 21:23:24 /storage/products/nobackground/1234456698745.png .. ~ 0s
  2024-09-29 21:23:24 /storage/products/nobackground/4568547852154.png .. ~ 0s
  2024-09-29 21:23:24 /storage/products/nobackground/8512365478951.png .. ~ 0s
  2024-09-29 21:23:24 /storage/products/nobackground/4851236987412.png .. ~ 0s
  2024-09-29 21:23:24 /storage/products/nobackground/8525547895214.png .. ~ 0s
  2024-09-29 21:23:24 /storage/products/nobackground/7778965412365.png .. ~ 0s
  2024-09-29 21:23:25 /storage/subcategories/brazil.png ................. ~ 0s
  2024-09-29 21:23:25 /storage/subcategories/colombia.png ............... ~ 0s
  2024-09-29 21:23:25 /storage/subcategories/guatemala.png .............. ~ 0s
  2024-09-29 21:23:25 /storage/subcategories/peru.png ................... ~ 0s
  2024-09-29 21:23:25 /storage/subcategories/venezuela.png .............. ~ 0s
  2024-09-29 21:23:25 /storage/subcategories/honduras.png ............... ~ 0s
  2024-09-29 21:23:26 /storage/subcategories/guatemala.png .............. ~ 0s
  2024-09-29 21:23:26 /storage/products/nobackground/4567891234567.png .. ~ 0s
  2024-09-29 21:23:27 /storage/subcategories/guatemala.png .............. ~ 0s
  2024-09-29 21:55:52 ................................................... ~ 1s
  2024-09-29 21:55:53 /favicon.ico ...................................... ~ 0s
  2024-09-29 21:56:20 ................................................... ~ 0s
  2024-09-29 21:56:20 /favicon.ico ...................................... ~ 0s
  2024-09-29 21:56:43 ................................................... ~ 0s
  2024-09-29 21:56:43 ................................................... ~ 0s
  2024-09-29 21:56:43 ................................................... ~ 0s
  2024-09-29 21:56:43 ................................................... ~ 0s
  2024-09-29 21:56:43 ................................................... ~ 0s
  2024-09-29 21:56:43 ................................................... ~ 0s
  2024-09-29 21:56:43 ................................................... ~ 0s
  2024-09-29 21:56:43 ................................................... ~ 0s
  2024-09-29 21:56:43 /storage/products/nobackground/4567891234567.png .. ~ 0s
  2024-09-29 21:56:44 /storage/products/nobackground/1234456698745.png .. ~ 0s
  2024-09-29 21:56:44 /storage/products/nobackground/4568547852154.png .. ~ 0s
  2024-09-29 21:56:44 /storage/products/nobackground/4851236987412.png .. ~ 0s
  2024-09-29 21:56:44 /storage/products/nobackground/8512365478951.png .. ~ 0s
  2024-09-29 21:56:44 /storage/products/nobackground/7778965412365.png .. ~ 0s
  2024-09-29 21:56:44 /storage/products/nobackground/8525547895214.png .. ~ 0s
  2024-09-29 21:56:44 /storage/subcategories/guatemala.png .............. ~ 0s
  2024-09-29 21:56:44 /storage/subcategories/brazil.png ................. ~ 0s
  2024-09-29 21:56:44 /storage/subcategories/colombia.png ............... ~ 0s
  2024-09-29 21:56:44 /storage/subcategories/honduras.png ............... ~ 0s
  2024-09-29 21:56:44 /storage/subcategories/venezuela.png .............. ~ 0s
  2024-09-29 21:56:44 /storage/subcategories/peru.png ................... ~ 0s
  2024-09-29 22:03:16 ................................................... ~ 0s
  2024-09-29 22:03:16 ................................................... ~ 0s
  2024-09-29 22:03:16 ................................................... ~ 0s
  2024-09-29 22:03:16 ................................................... ~ 0s
  2024-09-29 22:03:16 ................................................... ~ 0s
  2024-09-29 22:03:16 ................................................... ~ 0s
  2024-09-29 22:03:16 ................................................... ~ 0s
  2024-09-29 22:03:16 ................................................... ~ 0s
  2024-09-29 22:03:16 /storage/products/nobackground/4567891234567.png .. ~ 0s
  2024-09-29 22:03:16 /storage/products/nobackground/4851236987412.png .. ~ 0s
  2024-09-29 22:03:16 /storage/products/nobackground/1234456698745.png .. ~ 0s
  2024-09-29 22:03:16 /storage/products/nobackground/4568547852154.png .. ~ 0s
  2024-09-29 22:03:16 /storage/products/nobackground/8512365478951.png .. ~ 0s
  2024-09-29 22:03:16 /storage/products/nobackground/8525547895214.png .. ~ 0s
  2024-09-29 22:03:16 /storage/subcategories/brazil.png ................. ~ 0s
  2024-09-29 22:03:16 /storage/subcategories/colombia.png ............... ~ 0s
  2024-09-29 22:03:16 /storage/subcategories/guatemala.png .............. ~ 0s
  2024-09-29 22:03:16 /storage/subcategories/honduras.png ............... ~ 0s
  2024-09-29 22:03:16 /storage/products/nobackground/7778965412365.png .. ~ 0s
  2024-09-29 22:03:16 /storage/subcategories/peru.png ................... ~ 0s
  2024-09-29 22:03:16 /storage/subcategories/venezuela.png .............. ~ 0s
  2024-09-29 22:03:45 ................................................... ~ 0s
  2024-09-29 22:03:45 ................................................... ~ 0s
  2024-09-29 22:03:45 ................................................... ~ 0s
  2024-09-29 22:03:45 ................................................... ~ 0s
  2024-09-29 22:03:45 ................................................... ~ 0s
  2024-09-29 22:03:45 ................................................... ~ 0s
  2024-09-29 22:03:45 ................................................... ~ 0s
  2024-09-29 22:03:45 ................................................... ~ 0s
  2024-09-29 22:03:45 /storage/products/nobackground/4567891234567.png .. ~ 0s
  2024-09-29 22:03:45 /storage/products/nobackground/1234456698745.png .. ~ 0s
  2024-09-29 22:03:45 /storage/products/nobackground/4568547852154.png .. ~ 0s
  2024-09-29 22:03:45 /storage/products/nobackground/4851236987412.png .. ~ 0s
  2024-09-29 22:03:45 /storage/products/nobackground/8512365478951.png .. ~ 0s
  2024-09-29 22:03:45 /storage/products/nobackground/8525547895214.png .. ~ 0s
  2024-09-29 22:03:45 /storage/products/nobackground/7778965412365.png .. ~ 0s
  2024-09-29 22:03:45 /storage/subcategories/guatemala.png .............. ~ 0s
  2024-09-29 22:03:45 /storage/subcategories/brazil.png ................. ~ 0s
  2024-09-29 22:03:45 /storage/subcategories/colombia.png ............... ~ 0s
  2024-09-29 22:03:45 /storage/subcategories/honduras.png ............... ~ 0s
  2024-09-29 22:03:45 /storage/subcategories/peru.png ................... ~ 0s
  2024-09-29 22:03:45 /storage/subcategories/venezuela.png .............. ~ 0s
  2024-09-29 22:03:48 ................................................... ~ 0s
  2024-09-29 22:03:48 ................................................... ~ 0s
  2024-09-29 22:03:48 ................................................... ~ 0s
  2024-09-29 22:03:48 ................................................... ~ 0s
  2024-09-29 22:03:48 ................................................... ~ 0s
  2024-09-29 22:03:48 ................................................... ~ 0s
  2024-09-29 22:03:48 ................................................... ~ 0s
  2024-09-29 22:03:48 ................................................... ~ 0s
  2024-09-29 22:03:48 /storage/subcategories/brazil.png ................. ~ 0s
  2024-09-29 22:03:48 /storage/subcategories/colombia.png ............... ~ 0s
  2024-09-29 22:03:48 /storage/subcategories/guatemala.png .............. ~ 0s
  2024-09-29 22:03:48 /storage/subcategories/honduras.png ............... ~ 0s
  2024-09-29 22:03:48 /storage/subcategories/peru.png ................... ~ 0s
  2024-09-29 22:03:48 /storage/subcategories/venezuela.png .............. ~ 0s
  2024-09-29 22:03:48 /storage/products/nobackground/4567891234567.png .. ~ 0s
  2024-09-29 22:03:48 /storage/products/nobackground/1234456698745.png .. ~ 0s
  2024-09-29 22:03:48 /storage/products/nobackground/4568547852154.png .. ~ 0s
  2024-09-29 22:03:48 /storage/products/nobackground/4851236987412.png .. ~ 0s
  2024-09-29 22:03:48 /storage/products/nobackground/8512365478951.png .. ~ 0s
  2024-09-29 22:03:48 /storage/products/nobackground/8525547895214.png .. ~ 0s
  2024-09-29 22:03:48 /storage/products/nobackground/7778965412365.png .. ~ 0s
  2024-09-29 23:29:09 ................................................... ~ 0s
  2024-09-29 23:53:44 ................................................... ~ 0s
  2024-09-29 23:53:44 ................................................... ~ 0s
  2024-09-29 23:53:44 ................................................... ~ 0s
  2024-09-29 23:53:44 ................................................... ~ 0s
  2024-09-29 23:53:44 ................................................... ~ 0s
  2024-09-29 23:53:44 ................................................... ~ 0s
  2024-09-29 23:53:44 ................................................... ~ 0s
  2024-09-29 23:53:44 /storage/products/nobackground/4567891234567.png .. ~ 0s
  2024-09-29 23:53:44 /storage/products/nobackground/4568547852154.png .. ~ 0s
  2024-09-29 23:53:44 /storage/products/nobackground/4851236987412.png .. ~ 0s
  2024-09-29 23:53:44 /storage/products/nobackground/1234456698745.png .. ~ 0s
  2024-09-29 23:53:44 /storage/products/nobackground/8512365478951.png .. ~ 0s
  2024-09-29 23:53:44 /storage/products/nobackground/8525547895214.png .. ~ 0s
  2024-09-29 23:53:44 /storage/subcategories/colombia.png ............... ~ 0s
  2024-09-29 23:53:44 /storage/subcategories/brazil.png ................. ~ 0s
  2024-09-29 23:53:44 /storage/subcategories/peru.png ................... ~ 0s
  2024-09-29 23:53:44 /storage/subcategories/honduras.png ............... ~ 0s
  2024-09-29 23:53:44 /storage/subcategories/guatemala.png .............. ~ 0s
  2024-09-29 23:53:44 ................................................... ~ 0s
  2024-09-29 23:53:44 /storage/subcategories/venezuela.png .............. ~ 0s
  2024-09-29 23:53:44 /storage/products/nobackground/7778965412365.png .. ~ 0s
  2024-09-30 21:41:13 ................................................... ~ 0s
  2024-10-02 03:49:39 ................................................... ~ 0s
  2024-10-02 03:49:40 /favicon.ico ...................................... ~ 0s
  2024-10-02 06:30:36 ................................................... ~ 0s
  2024-10-02 22:24:52 ................................................... ~ 0s
  2024-10-02 22:24:52 ................................................... ~ 0s
  2024-10-02 22:24:52 ................................................... ~ 0s
  2024-10-02 22:24:52 ................................................... ~ 0s
  2024-10-02 22:24:52 ................................................... ~ 0s
  2024-10-02 22:24:52 ................................................... ~ 0s
  2024-10-02 22:24:52 ................................................... ~ 0s
  2024-10-02 22:24:52 ................................................... ~ 0s
  2024-10-02 22:24:52 /storage/products/nobackground/4567891234567.png .. ~ 0s
  2024-10-02 22:24:52 /storage/products/nobackground/4851236987412.png .. ~ 0s
  2024-10-02 22:24:52 /storage/products/nobackground/4568547852154.png .. ~ 0s
  2024-10-02 22:24:52 /storage/products/nobackground/1234456698745.png .. ~ 0s
  2024-10-02 22:24:52 /storage/products/nobackground/8512365478951.png .. ~ 0s
  2024-10-02 22:24:52 /storage/products/nobackground/8525547895214.png .. ~ 0s
  2024-10-02 22:24:52 /storage/products/nobackground/7778965412365.png .. ~ 0s
  2024-10-02 22:24:52 /storage/subcategories/colombia.png ............... ~ 0s
  2024-10-02 22:24:52 /storage/subcategories/brazil.png ................. ~ 0s
  2024-10-02 22:24:52 /storage/subcategories/guatemala.png .............. ~ 0s
  2024-10-02 22:24:52 /storage/subcategories/honduras.png ............... ~ 0s
  2024-10-02 22:24:52 /storage/subcategories/peru.png ................... ~ 0s
  2024-10-02 22:24:52 /storage/subcategories/venezuela.png .............. ~ 0s
  2024-10-02 22:24:59 ................................................... ~ 1s
  2024-10-03 16:43:00 ................................................... ~ 0s
  2024-10-03 16:43:02 /favicon.ico ...................................... ~ 0s
  2024-10-04 04:48:34 ................................................... ~ 0s
  2024-10-04 04:48:34 ................................................... ~ 0s
  2024-10-04 04:48:34 ................................................... ~ 1s
  2024-10-04 04:48:34 ................................................... ~ 1s
  2024-10-04 04:48:35 ................................................... ~ 0s
  2024-10-04 04:48:35 ................................................... ~ 0s
  2024-10-04 04:48:35 ................................................... ~ 0s
  2024-10-04 04:48:35 ................................................... ~ 0s
  2024-10-04 04:48:35 /storage/subcategories/honduras.png ............... ~ 0s
  2024-10-04 04:48:35 /storage/subcategories/guatemala.png .............. ~ 0s
  2024-10-04 04:48:35 /storage/subcategories/venezuela.png .............. ~ 0s
  2024-10-04 04:48:35 /storage/subcategories/colombia.png ............... ~ 0s
  2024-10-04 04:48:35 /storage/subcategories/peru.png ................... ~ 0s
  2024-10-04 04:48:35 /storage/products/nobackground/4567891234567.png .. ~ 0s
  2024-10-04 04:48:36 /storage/products/nobackground/4568547852154.png .. ~ 0s
  2024-10-04 04:48:36 /storage/products/nobackground/1234456698745.png .. ~ 0s
  2024-10-04 04:48:36 /storage/products/nobackground/8525547895214.png .. ~ 0s
  2024-10-04 04:48:36 /storage/products/nobackground/4851236987412.png .. ~ 0s
  2024-10-04 04:48:36 /storage/products/nobackground/8512365478951.png .. ~ 0s
  2024-10-04 04:48:37 /storage/products/nobackground/7778965412365.png .. ~ 0s
  2024-10-04 04:48:37 /storage/subcategories/brazil.png ................. ~ 0s
  2024-10-05 01:11:54 ................................................... ~ 0s
  2024-10-05 10:48:39 ................................................... ~ 0s
  2024-10-05 10:48:39 ................................................... ~ 0s
  2024-10-05 10:48:39 ................................................... ~ 0s
  2024-10-05 10:48:39 ................................................... ~ 0s
  2024-10-05 10:48:39 ................................................... ~ 0s
  2024-10-05 10:48:39 ................................................... ~ 0s
  2024-10-05 10:48:39 ................................................... ~ 0s
  2024-10-05 10:48:39 ................................................... ~ 0s
  2024-10-05 10:48:40 /storage/products/nobackground/4568547852154.png .. ~ 0s
  2024-10-05 10:48:40 /storage/products/nobackground/1234456698745.png .. ~ 0s
  2024-10-05 10:48:40 /storage/products/nobackground/4851236987412.png .. ~ 0s
  2024-10-05 10:48:40 /storage/products/nobackground/8525547895214.png .. ~ 0s
  2024-10-05 10:48:40 /storage/products/nobackground/8512365478951.png .. ~ 0s
  2024-10-05 10:48:40 /storage/products/nobackground/7778965412365.png .. ~ 0s
  2024-10-06 09:15:33 ................................................... ~ 0s
  2024-10-07 04:07:48 ................................................... ~ 0s
  2024-10-07 16:53:13 ................................................... ~ 0s
  2024-10-08 19:09:03 ................................................... ~ 0s
  2024-10-08 19:09:04 /favicon.ico ...................................... ~ 0s
  2024-10-08 19:12:16 ................................................... ~ 0s
  2024-10-08 19:12:21 /favicon.ico ...................................... ~ 0s
  2024-10-11 13:55:13 ................................................... ~ 0s
  2024-10-11 13:55:13 ................................................... ~ 0s
  2024-10-11 13:55:13 ................................................... ~ 0s
  2024-10-11 13:55:13 ................................................... ~ 0s
  2024-10-11 13:55:13 ................................................... ~ 0s
  2024-10-11 13:55:13 ................................................... ~ 0s
  2024-10-11 13:55:13 ................................................... ~ 0s
  2024-10-11 13:55:13 ................................................... ~ 1s
  2024-10-11 13:55:13 /storage/products/nobackground/4567891234567.png .. ~ 1s
  2024-10-11 13:55:14 /storage/products/nobackground/1234456698745.png .. ~ 0s
  2024-10-11 13:55:14 /storage/products/nobackground/8512365478951.png .. ~ 0s
  2024-10-11 13:55:14 /storage/products/nobackground/4851236987412.png .. ~ 0s
  2024-10-11 13:55:14 /storage/products/nobackground/7778965412365.png .. ~ 0s
  2024-10-11 13:55:14 /storage/products/nobackground/8525547895214.png .. ~ 0s
  2024-10-11 13:55:14 /storage/products/nobackground/4568547852154.png .. ~ 0s
  2024-10-11 13:55:14 /storage/subcategories/brazil.png ................. ~ 0s
  2024-10-11 13:55:14 /storage/subcategories/colombia.png ............... ~ 0s
  2024-10-11 13:55:14 /storage/subcategories/guatemala.png .............. ~ 0s
  2024-10-11 13:55:14 /storage/subcategories/honduras.png ............... ~ 0s
  2024-10-11 13:55:14 /storage/subcategories/peru.png ................... ~ 0s
  2024-10-11 13:55:14 /storage/subcategories/venezuela.png .............. ~ 0s
  2024-10-11 13:55:22 ................................................... ~ 0s
  2024-10-11 13:55:23 /favicon.ico ...................................... ~ 0s
  2024-10-12 00:34:11 ................................................... ~ 1s
  2024-10-12 00:34:11 ................................................... ~ 1s
  2024-10-12 00:34:12 ................................................... ~ 0s
  2024-10-12 00:34:12 ................................................... ~ 0s
  2024-10-12 00:34:12 ................................................... ~ 0s
  2024-10-12 00:34:12 ................................................... ~ 0s
  2024-10-12 00:34:12 ................................................... ~ 0s
  2024-10-12 00:34:12 ................................................... ~ 0s
  2024-10-12 00:34:12 /storage/subcategories/brazil.png ................. ~ 0s
  2024-10-12 00:34:12 /storage/subcategories/venezuela.png .............. ~ 0s
  2024-10-12 00:34:12 /storage/subcategories/peru.png ................... ~ 0s
  2024-10-12 00:34:12 /storage/subcategories/guatemala.png .............. ~ 0s
  2024-10-12 00:34:12 /storage/subcategories/honduras.png ............... ~ 0s
  2024-10-12 00:34:12 /storage/subcategories/colombia.png ............... ~ 0s
  2024-10-12 00:34:12 /storage/products/nobackground/4567891234567.png .. ~ 0s
  2024-10-12 00:34:12 /storage/products/nobackground/1234456698745.png .. ~ 0s
  2024-10-12 00:34:12 /storage/products/nobackground/4568547852154.png .. ~ 0s
  2024-10-12 00:34:12 /storage/products/nobackground/7778965412365.png .. ~ 0s
  2024-10-12 00:34:12 /storage/products/nobackground/4851236987412.png .. ~ 0s
  2024-10-12 00:34:12 /storage/products/nobackground/8512365478951.png .. ~ 0s
  2024-10-12 00:34:12 /storage/products/nobackground/8525547895214.png .. ~ 0s
  2024-10-12 00:34:13 /storage/products/nobackground/4568547852154.png .. ~ 0s
  2024-10-12 00:35:21 ................................................... ~ 0s
  2024-10-12 00:35:21 ................................................... ~ 0s
  2024-10-12 00:35:21 ................................................... ~ 0s
  2024-10-12 00:35:21 ................................................... ~ 0s
  2024-10-12 00:35:21 ................................................... ~ 0s
  2024-10-12 00:35:21 ................................................... ~ 0s
  2024-10-12 00:35:21 ................................................... ~ 0s
  2024-10-12 00:35:21 ................................................... ~ 0s
  2024-10-12 00:35:21 /storage/subcategories/brazil.png ................. ~ 0s
  2024-10-12 00:35:21 /storage/subcategories/colombia.png ............... ~ 0s
  2024-10-12 00:35:21 /storage/subcategories/guatemala.png .............. ~ 0s
  2024-10-12 00:35:21 /storage/subcategories/honduras.png ............... ~ 0s
  2024-10-12 00:35:21 /storage/subcategories/peru.png ................... ~ 0s
  2024-10-12 00:35:21 /storage/subcategories/venezuela.png .............. ~ 0s
  2024-10-12 00:35:21 /storage/products/nobackground/4568547852154.png .. ~ 0s
  2024-10-12 00:35:21 /storage/products/nobackground/4567891234567.png .. ~ 0s
  2024-10-12 00:35:21 /storage/products/nobackground/1234456698745.png .. ~ 0s
  2024-10-12 00:35:21 /storage/products/nobackground/4851236987412.png .. ~ 0s
  2024-10-12 00:35:21 /storage/products/nobackground/8512365478951.png .. ~ 0s
  2024-10-12 00:35:21 /storage/products/nobackground/7778965412365.png .. ~ 0s
  2024-10-12 00:35:21 /storage/products/nobackground/8525547895214.png .. ~ 0s
  2024-10-12 00:35:38 ................................................... ~ 0s
  2024-10-12 00:35:38 ................................................... ~ 0s
  2024-10-12 00:35:38 ................................................... ~ 0s
  2024-10-12 00:35:38 ................................................... ~ 0s
  2024-10-12 00:35:38 ................................................... ~ 1s
  2024-10-12 00:35:38 ................................................... ~ 1s
  2024-10-12 00:35:39 ................................................... ~ 0s
  2024-10-12 00:35:39 ................................................... ~ 0s
  2024-10-12 00:35:39 /storage/products/nobackground/4567891234567.png .. ~ 0s
  2024-10-12 00:35:39 /storage/products/nobackground/1234456698745.png .. ~ 0s
  2024-10-12 00:35:39 /storage/products/nobackground/4568547852154.png .. ~ 0s
  2024-10-12 00:35:39 /storage/products/nobackground/4851236987412.png .. ~ 0s
  2024-10-12 00:35:39 /storage/subcategories/brazil.png ................. ~ 0s
  2024-10-12 00:35:39 /storage/products/nobackground/8512365478951.png .. ~ 0s
  2024-10-12 00:35:39 /storage/products/nobackground/7778965412365.png .. ~ 0s
  2024-10-12 00:35:39 /storage/subcategories/colombia.png ............... ~ 0s
  2024-10-12 00:35:39 /storage/subcategories/guatemala.png .............. ~ 0s
  2024-10-12 00:35:39 /storage/subcategories/honduras.png ............... ~ 0s
  2024-10-12 00:35:39 /storage/subcategories/peru.png ................... ~ 0s
  2024-10-12 00:35:39 /storage/subcategories/venezuela.png .............. ~ 0s
  2024-10-12 00:35:39 /storage/products/nobackground/8525547895214.png .. ~ 0s
  2024-10-12 00:36:38 ................................................... ~ 0s
  2024-10-12 00:36:38 ................................................... ~ 0s
  2024-10-12 00:36:38 ................................................... ~ 0s
  2024-10-12 00:36:38 ................................................... ~ 0s
  2024-10-12 00:36:38 ................................................... ~ 0s
  2024-10-12 00:36:38 ................................................... ~ 0s
  2024-10-12 00:36:38 ................................................... ~ 0s
  2024-10-12 00:36:38 ................................................... ~ 0s
  2024-10-12 00:36:39 /storage/subcategories/colombia.png ............... ~ 0s
  2024-10-12 00:36:39 /storage/subcategories/honduras.png ............... ~ 0s
  2024-10-12 00:36:39 /storage/subcategories/guatemala.png .............. ~ 0s
  2024-10-12 00:36:39 /storage/subcategories/peru.png ................... ~ 0s
  2024-10-12 00:36:39 /storage/subcategories/brazil.png ................. ~ 0s
  2024-10-12 00:36:39 /storage/subcategories/venezuela.png .............. ~ 0s
  2024-10-12 00:36:39 /storage/products/nobackground/7778965412365.png .. ~ 0s
  2024-10-12 00:36:39 /storage/products/nobackground/1234456698745.png .. ~ 0s
  2024-10-12 00:36:39 /storage/products/nobackground/4851236987412.png .. ~ 0s
  2024-10-12 00:36:39 /storage/products/nobackground/4567891234567.png .. ~ 0s
  2024-10-12 00:36:39 /storage/products/nobackground/4568547852154.png .. ~ 0s
  2024-10-12 00:36:39 /storage/products/nobackground/8512365478951.png .. ~ 0s
  2024-10-12 00:36:39 /storage/products/nobackground/8525547895214.png .. ~ 0s
  2024-10-12 00:38:30 ................................................... ~ 0s
  2024-10-12 00:38:30 ................................................... ~ 0s
  2024-10-12 00:38:30 ................................................... ~ 0s
  2024-10-12 00:38:30 ................................................... ~ 0s
  2024-10-12 00:38:30 ................................................... ~ 0s
  2024-10-12 00:38:30 ................................................... ~ 1s
  2024-10-12 00:38:31 ................................................... ~ 0s
  2024-10-12 00:38:31 ................................................... ~ 0s
  2024-10-12 00:38:31 /storage/subcategories/honduras.png ............... ~ 0s
  2024-10-12 00:38:31 /storage/subcategories/guatemala.png .............. ~ 0s
  2024-10-12 00:38:31 /storage/subcategories/venezuela.png .............. ~ 0s
  2024-10-12 00:38:31 /storage/subcategories/peru.png ................... ~ 0s
  2024-10-12 00:38:31 /storage/subcategories/colombia.png ............... ~ 0s
  2024-10-12 00:38:31 /storage/subcategories/brazil.png ................. ~ 0s
  2024-10-12 00:38:31 /storage/products/nobackground/4567891234567.png .. ~ 0s
  2024-10-12 00:38:31 /storage/products/nobackground/4851236987412.png .. ~ 0s
  2024-10-12 00:38:31 /storage/products/nobackground/4568547852154.png .. ~ 0s
  2024-10-12 00:38:31 /storage/products/nobackground/8512365478951.png .. ~ 0s
  2024-10-12 00:38:31 /storage/products/nobackground/8525547895214.png .. ~ 0s
  2024-10-12 00:38:31 /storage/products/nobackground/1234456698745.png .. ~ 0s
  2024-10-12 00:38:31 /storage/products/nobackground/7778965412365.png .. ~ 0s
  2024-10-12 00:38:33 ................................................... ~ 0s
  2024-10-12 00:38:33 ................................................... ~ 0s
  2024-10-12 00:38:33 ................................................... ~ 0s
  2024-10-12 00:38:33 ................................................... ~ 0s
  2024-10-12 00:38:33 ................................................... ~ 0s
  2024-10-12 00:38:33 ................................................... ~ 0s
  2024-10-12 00:38:33 ................................................... ~ 0s
  2024-10-12 00:38:33 ................................................... ~ 0s
  2024-10-12 00:38:33 /storage/products/nobackground/4567891234567.png .. ~ 0s
  2024-10-12 00:38:33 /storage/products/nobackground/4568547852154.png .. ~ 0s
  2024-10-12 00:38:33 /storage/products/nobackground/8525547895214.png .. ~ 0s
  2024-10-12 00:38:33 /storage/products/nobackground/1234456698745.png .. ~ 0s
  2024-10-12 00:38:33 /storage/products/nobackground/8512365478951.png .. ~ 0s
  2024-10-12 00:38:33 /storage/products/nobackground/4851236987412.png .. ~ 0s
  2024-10-12 00:38:33 /storage/subcategories/brazil.png ................. ~ 0s
  2024-10-12 00:38:33 /storage/subcategories/colombia.png ............... ~ 0s
  2024-10-12 00:38:33 /storage/subcategories/guatemala.png .............. ~ 0s
  2024-10-12 00:38:33 /storage/subcategories/honduras.png ............... ~ 0s
  2024-10-12 00:38:33 /storage/subcategories/peru.png ................... ~ 0s
  2024-10-12 00:38:33 /storage/subcategories/venezuela.png .............. ~ 0s
  2024-10-12 00:38:33 /storage/products/nobackground/7778965412365.png .. ~ 0s
  2024-10-12 00:39:35 ................................................... ~ 0s
  2024-10-12 00:39:35 ................................................... ~ 0s
  2024-10-12 00:39:35 ................................................... ~ 0s
  2024-10-12 00:39:35 ................................................... ~ 0s
  2024-10-12 00:39:35 ................................................... ~ 0s
  2024-10-12 00:39:35 ................................................... ~ 0s
  2024-10-12 00:39:35 ................................................... ~ 0s
  2024-10-12 00:39:35 ................................................... ~ 0s
  2024-10-12 00:39:35 /storage/products/nobackground/4567891234567.png .. ~ 0s
  2024-10-12 00:39:35 /storage/subcategories/brazil.png ................. ~ 0s
  2024-10-12 00:39:35 /storage/subcategories/colombia.png ............... ~ 0s
  2024-10-12 00:39:35 /storage/subcategories/guatemala.png .............. ~ 0s
  2024-10-12 00:39:35 /storage/subcategories/honduras.png ............... ~ 0s
  2024-10-12 00:39:35 /storage/products/nobackground/1234456698745.png .. ~ 0s
  2024-10-12 00:39:35 /storage/subcategories/peru.png ................... ~ 0s
  2024-10-12 00:39:35 /storage/subcategories/venezuela.png .............. ~ 0s
  2024-10-12 00:39:35 /storage/products/nobackground/4568547852154.png .. ~ 0s
  2024-10-12 00:39:35 /storage/products/nobackground/4851236987412.png .. ~ 0s
  2024-10-12 00:39:35 /storage/products/nobackground/8512365478951.png .. ~ 0s
  2024-10-12 00:39:35 /storage/products/nobackground/8525547895214.png .. ~ 0s
  2024-10-12 00:39:35 /storage/products/nobackground/7778965412365.png .. ~ 0s
  2024-10-12 00:39:40 ................................................... ~ 0s
  2024-10-12 00:39:40 ................................................... ~ 0s
  2024-10-12 00:39:40 ................................................... ~ 0s
  2024-10-12 00:39:40 ................................................... ~ 0s
  2024-10-12 00:39:40 ................................................... ~ 0s
  2024-10-12 00:39:40 ................................................... ~ 0s
  2024-10-12 00:39:40 ................................................... ~ 0s
  2024-10-12 00:39:40 ................................................... ~ 0s
  2024-10-12 00:39:40 /storage/products/nobackground/4567891234567.png .. ~ 0s
  2024-10-12 00:39:40 /storage/products/nobackground/1234456698745.png .. ~ 0s
  2024-10-12 00:39:40 /storage/products/nobackground/7778965412365.png .. ~ 0s
  2024-10-12 00:39:40 /storage/products/nobackground/4568547852154.png .. ~ 0s
  2024-10-12 00:39:40 /storage/products/nobackground/4851236987412.png .. ~ 0s
  2024-10-12 00:39:40 /storage/subcategories/brazil.png ................. ~ 0s
  2024-10-12 00:39:40 /storage/subcategories/colombia.png ............... ~ 0s
  2024-10-12 00:39:40 /storage/subcategories/guatemala.png .............. ~ 0s
  2024-10-12 00:39:40 /storage/products/nobackground/8512365478951.png .. ~ 0s
  2024-10-12 00:39:40 /storage/products/nobackground/8525547895214.png .. ~ 0s
  2024-10-12 00:39:40 /storage/subcategories/honduras.png ............... ~ 0s
  2024-10-12 00:39:40 /storage/subcategories/peru.png ................... ~ 0s
  2024-10-12 00:39:40 /storage/subcategories/venezuela.png .............. ~ 0s
